[2021-03-06T17:30:26.438] [DEBUG] cheese - login => username:admin,password:123456
[2021-03-06T17:30:26.440] [DEBUG] cheese - admin
[2021-03-06T17:30:26.458] [DEBUG] cheese - null
[2021-03-06T17:30:26.459] [DEBUG] cheese - null
[2021-03-06T19:59:27.670] [DEBUG] cheese - login => username:asd,password:asd
[2021-03-06T19:59:27.671] [DEBUG] cheese - asd
[2021-03-06T19:59:27.688] [DEBUG] cheese - null
[2021-03-06T19:59:27.688] [DEBUG] cheese - null
[2021-03-06T19:59:49.862] [DEBUG] cheese - login => username:admin,password:123456
[2021-03-06T19:59:49.862] [DEBUG] cheese - admin
[2021-03-06T19:59:49.865] [DEBUG] cheese - null
[2021-03-06T19:59:49.866] [DEBUG] cheese - null
[2021-03-06T20:02:00.007] [DEBUG] cheese - login => username:admin,password:123456
[2021-03-06T20:02:00.008] [DEBUG] cheese - admin
[2021-03-06T20:02:00.012] [DEBUG] cheese - null
[2021-03-06T20:02:00.012] [DEBUG] cheese - null
[2021-03-06T20:04:42.426] [DEBUG] cheese - login => username:asdsa,password:asd
[2021-03-06T20:04:42.426] [DEBUG] cheese - asdsa
[2021-03-06T20:04:42.429] [DEBUG] cheese - null
[2021-03-06T20:04:42.429] [DEBUG] cheese - null
[2021-03-06T20:04:53.407] [DEBUG] cheese - login => username:admin,password:123456
[2021-03-06T20:04:53.407] [DEBUG] cheese - admin
[2021-03-06T20:04:53.410] [DEBUG] cheese - null
[2021-03-06T20:04:53.410] [DEBUG] cheese - null
[2021-03-06T20:06:45.471] [DEBUG] cheese - login => username:asd,password:asddsa
[2021-03-06T20:06:45.471] [DEBUG] cheese - asd
[2021-03-06T20:06:45.473] [DEBUG] cheese - null
[2021-03-06T20:06:45.473] [DEBUG] cheese - null
[2021-03-06T20:06:52.062] [DEBUG] cheese - login => username:admin,password:123456
[2021-03-06T20:06:52.062] [DEBUG] cheese - admin
[2021-03-06T20:06:52.065] [DEBUG] cheese - null
[2021-03-06T20:06:52.065] [DEBUG] cheese - null
[2021-03-06T20:06:56.674] [DEBUG] cheese - login => username:admin,password:123456
[2021-03-06T20:06:56.675] [DEBUG] cheese - admin
[2021-03-06T20:06:56.678] [DEBUG] cheese - null
[2021-03-06T20:06:56.679] [DEBUG] cheese - null
[2021-03-06T20:06:57.316] [DEBUG] cheese - login => username:admin,password:123456
[2021-03-06T20:06:57.316] [DEBUG] cheese - admin
[2021-03-06T20:06:57.318] [DEBUG] cheese - null
[2021-03-06T20:06:57.318] [DEBUG] cheese - null
[2021-03-06T20:06:57.682] [DEBUG] cheese - login => username:admin,password:123456
[2021-03-06T20:06:57.682] [DEBUG] cheese - admin
[2021-03-06T20:06:57.687] [DEBUG] cheese - null
[2021-03-06T20:06:57.687] [DEBUG] cheese - null
[2021-03-06T20:06:58.217] [DEBUG] cheese - login => username:admin,password:123456
[2021-03-06T20:06:58.217] [DEBUG] cheese - admin
[2021-03-06T20:06:58.221] [DEBUG] cheese - null
[2021-03-06T20:06:58.221] [DEBUG] cheese - null
[2021-03-06T20:07:30.671] [DEBUG] cheese - login => username:admin,password:123456
[2021-03-06T20:07:30.671] [DEBUG] cheese - admin
[2021-03-06T20:07:30.676] [DEBUG] cheese - null
[2021-03-06T20:07:30.676] [DEBUG] cheese - null
[2021-03-06T20:14:46.497] [DEBUG] cheese - login => username:asd,password:asdda
[2021-03-06T20:14:46.497] [DEBUG] cheese - asd
[2021-03-06T20:14:46.500] [DEBUG] cheese - null
[2021-03-06T20:14:46.500] [DEBUG] cheese - null
[2021-03-06T20:14:53.214] [DEBUG] cheese - login => username:asdas,password:asdas
[2021-03-06T20:14:53.214] [DEBUG] cheese - asdas
[2021-03-06T20:14:53.216] [DEBUG] cheese - null
[2021-03-06T20:14:53.216] [DEBUG] cheese - null
[2021-03-06T20:15:36.568] [DEBUG] cheese - login => username:asd,password:ads
[2021-03-06T20:15:36.568] [DEBUG] cheese - asd
[2021-03-06T20:15:36.570] [DEBUG] cheese - null
[2021-03-06T20:15:36.571] [DEBUG] cheese - null
[2021-03-06T20:15:44.616] [DEBUG] cheese - login => username:admin,password:123456
[2021-03-06T20:15:44.617] [DEBUG] cheese - admin
[2021-03-06T20:15:44.619] [DEBUG] cheese - null
[2021-03-06T20:15:44.619] [DEBUG] cheese - null
[2021-03-06T20:19:05.177] [DEBUG] cheese - login => username:adsas,password:asda
[2021-03-06T20:19:05.177] [DEBUG] cheese - adsas
[2021-03-06T20:19:05.179] [DEBUG] cheese - null
[2021-03-06T20:19:05.180] [DEBUG] cheese - null
[2021-03-06T20:19:08.378] [DEBUG] cheese - login => username:adsas,password:asdasda
[2021-03-06T20:19:08.379] [DEBUG] cheese - adsas
[2021-03-06T20:19:08.380] [DEBUG] cheese - null
[2021-03-06T20:19:08.380] [DEBUG] cheese - null
[2021-03-06T20:19:15.182] [DEBUG] cheese - login => username:adsas,password:asdas
[2021-03-06T20:19:15.182] [DEBUG] cheese - adsas
[2021-03-06T20:19:15.184] [DEBUG] cheese - null
[2021-03-06T20:19:15.184] [DEBUG] cheese - null
[2021-03-06T20:19:27.239] [DEBUG] cheese - login => username:admin,password:123456
[2021-03-06T20:19:27.239] [DEBUG] cheese - admin
[2021-03-06T20:19:27.241] [DEBUG] cheese - null
[2021-03-06T20:19:27.241] [DEBUG] cheese - null
[2021-03-06T20:28:13.288] [DEBUG] cheese - login => username:asdad,password:ad
[2021-03-06T20:28:13.288] [DEBUG] cheese - asdad
[2021-03-06T20:28:13.290] [DEBUG] cheese - null
[2021-03-06T20:28:13.291] [DEBUG] cheese - null
[2021-03-06T20:28:34.501] [DEBUG] cheese - login => username:admin,password:123456
[2021-03-06T20:28:34.501] [DEBUG] cheese - admin
[2021-03-06T20:28:34.503] [DEBUG] cheese - null
[2021-03-06T20:28:34.504] [DEBUG] cheese - null
[2021-03-06T20:29:53.041] [DEBUG] cheese - login => username:admin,password:123456
[2021-03-06T20:29:53.041] [DEBUG] cheese - admin
[2021-03-06T20:29:53.045] [DEBUG] cheese - null
[2021-03-06T20:29:53.045] [DEBUG] cheese - null
[2021-03-06T20:40:38.713] [DEBUG] cheese - login => username:asasd,password:asdasd
[2021-03-06T20:40:38.714] [DEBUG] cheese - asasd
[2021-03-06T20:40:38.716] [DEBUG] cheese - null
[2021-03-06T20:40:38.716] [DEBUG] cheese - null
[2021-03-06T20:41:35.918] [DEBUG] cheese - login => username:admin,password:123456
[2021-03-06T20:41:35.918] [DEBUG] cheese - admin
[2021-03-06T20:41:35.920] [DEBUG] cheese - null
[2021-03-06T20:41:35.920] [DEBUG] cheese - null
[2021-03-06T20:42:07.735] [DEBUG] cheese - login => username:admin,password:123456
[2021-03-06T20:42:07.735] [DEBUG] cheese - admin
[2021-03-06T20:42:07.738] [DEBUG] cheese - null
[2021-03-06T20:42:07.738] [DEBUG] cheese - null
[2021-03-06T20:42:08.338] [DEBUG] cheese - login => username:admin,password:123456
[2021-03-06T20:42:08.339] [DEBUG] cheese - admin
[2021-03-06T20:42:08.340] [DEBUG] cheese - null
[2021-03-06T20:42:08.341] [DEBUG] cheese - null
[2021-03-06T20:42:08.891] [DEBUG] cheese - login => username:admin,password:123456
[2021-03-06T20:42:08.891] [DEBUG] cheese - admin
[2021-03-06T20:42:08.894] [DEBUG] cheese - null
[2021-03-06T20:42:08.894] [DEBUG] cheese - null
[2021-03-06T20:42:19.838] [DEBUG] cheese - login => username:admin,password:123456
[2021-03-06T20:42:19.838] [DEBUG] cheese - admin
[2021-03-06T20:42:19.841] [DEBUG] cheese - null
[2021-03-06T20:42:19.841] [DEBUG] cheese - null
[2021-03-06T20:43:41.690] [DEBUG] cheese - login => username:admin,password:123456
[2021-03-06T20:43:41.690] [DEBUG] cheese - admin
[2021-03-06T20:43:41.693] [DEBUG] cheese - null
[2021-03-06T20:43:41.693] [DEBUG] cheese - null
[2021-03-06T20:46:59.137] [DEBUG] cheese - login => username:admin,password:123456
[2021-03-06T20:46:59.138] [DEBUG] cheese - admin
[2021-03-06T20:46:59.140] [DEBUG] cheese - null
[2021-03-06T20:46:59.140] [DEBUG] cheese - null
[2021-03-06T20:47:57.588] [DEBUG] cheese - login => username:admin,password:123456
[2021-03-06T20:47:57.590] [DEBUG] cheese - admin
[2021-03-06T20:47:57.592] [DEBUG] cheese - null
[2021-03-06T20:47:57.592] [DEBUG] cheese - null
[2021-03-06T22:20:01.622] [DEBUG] cheese - login => username:admin,password:123456
[2021-03-06T22:20:01.623] [DEBUG] cheese - admin
[2021-03-06T22:20:01.633] [DEBUG] cheese - null
[2021-03-06T22:20:01.634] [DEBUG] cheese - null
[2021-03-06T22:21:24.613] [DEBUG] cheese - login => username:admin,password:123456
[2021-03-06T22:21:24.614] [DEBUG] cheese - admin
[2021-03-06T22:21:24.616] [DEBUG] cheese - null
[2021-03-06T22:21:24.616] [DEBUG] cheese - null
[2021-03-06T23:12:37.843] [DEBUG] cheese - login => username:admin,password:123456
[2021-03-06T23:12:37.844] [DEBUG] cheese - admin
[2021-03-06T23:12:37.889] [DEBUG] cheese - null
[2021-03-06T23:12:37.889] [DEBUG] cheese - null
[2021-03-06T23:34:16.530] [DEBUG] cheese - login => username:admin,password:123456
[2021-03-06T23:34:16.530] [DEBUG] cheese - admin
[2021-03-06T23:34:16.533] [DEBUG] cheese - null
[2021-03-06T23:34:16.534] [DEBUG] cheese - null
[2021-03-06T23:36:07.625] [DEBUG] cheese - login => username:admin,password:123456
[2021-03-06T23:36:07.625] [DEBUG] cheese - admin
[2021-03-06T23:36:07.628] [DEBUG] cheese - null
[2021-03-06T23:36:07.629] [DEBUG] cheese - null
[2021-03-07T01:05:00.708] [DEBUG] cheese - login => username:admin,password:123456
[2021-03-07T01:05:00.709] [DEBUG] cheese - admin
[2021-03-07T01:05:00.714] [DEBUG] cheese - null
[2021-03-07T01:05:00.714] [DEBUG] cheese - null
[2021-03-07T01:44:30.318] [DEBUG] cheese - login => username:admin,password:123456
[2021-03-07T01:44:30.319] [DEBUG] cheese - admin
[2021-03-07T01:44:30.328] [DEBUG] cheese - null
[2021-03-07T01:44:30.328] [DEBUG] cheese - null
[2021-03-07T16:23:02.202] [DEBUG] cheese - login => username:admin,password:123456
[2021-03-07T16:23:02.203] [DEBUG] cheese - admin
[2021-03-07T16:23:02.209] [DEBUG] cheese - null
[2021-03-07T16:23:02.209] [DEBUG] cheese - null
[2021-03-07T16:23:57.280] [DEBUG] cheese - login => username:admin,password:123456
[2021-03-07T16:23:57.280] [DEBUG] cheese - admin
[2021-03-07T16:23:57.284] [DEBUG] cheese - null
[2021-03-07T16:23:57.284] [DEBUG] cheese - null
[2021-03-07T16:24:39.077] [DEBUG] cheese - login => username:admin,password:123456
[2021-03-07T16:24:39.077] [DEBUG] cheese - admin
[2021-03-07T16:24:39.082] [DEBUG] cheese - null
[2021-03-07T16:24:39.084] [DEBUG] cheese - null
[2021-03-07T16:25:42.172] [DEBUG] cheese - login => username:admin,password:123456
[2021-03-07T16:25:42.172] [DEBUG] cheese - admin
[2021-03-07T16:25:42.174] [DEBUG] cheese - null
[2021-03-07T16:25:42.175] [DEBUG] cheese - null
[2021-03-07T16:27:24.535] [DEBUG] cheese - login => username:admin,password:123456
[2021-03-07T16:27:24.535] [DEBUG] cheese - admin
[2021-03-07T16:27:24.539] [DEBUG] cheese - null
[2021-03-07T16:27:24.539] [DEBUG] cheese - null
[2021-03-07T16:28:13.358] [DEBUG] cheese - login => username:admin,password:123456
[2021-03-07T16:28:13.358] [DEBUG] cheese - admin
[2021-03-07T16:28:13.360] [DEBUG] cheese - null
[2021-03-07T16:28:13.361] [DEBUG] cheese - null
[2021-03-07T16:30:03.089] [DEBUG] cheese - login => username:admin,password:123456
[2021-03-07T16:30:03.089] [DEBUG] cheese - admin
[2021-03-07T16:30:03.091] [DEBUG] cheese - null
[2021-03-07T16:30:03.091] [DEBUG] cheese - null
[2021-03-07T16:42:08.299] [DEBUG] cheese - login => username:admin,password:123456
[2021-03-07T16:42:08.299] [DEBUG] cheese - admin
[2021-03-07T16:42:08.303] [DEBUG] cheese - null
[2021-03-07T16:42:08.303] [DEBUG] cheese - null
[2021-03-08T01:30:20.215] [DEBUG] cheese - login => username:admin,password:123456
[2021-03-08T01:30:20.237] [DEBUG] cheese - admin
[2021-03-08T01:30:20.242] [DEBUG] cheese - null
[2021-03-08T01:30:20.242] [DEBUG] cheese - null
[2021-03-08T17:51:57.954] [DEBUG] cheese - login => username:admin,password:123456
[2021-03-08T17:51:57.956] [DEBUG] cheese - admin
[2021-03-08T17:51:57.974] [DEBUG] cheese - null
[2021-03-08T17:51:57.974] [DEBUG] cheese - null
[2021-03-08T17:52:04.431] [DEBUG] cheese - login => username:admin,password:123456
[2021-03-08T17:52:04.431] [DEBUG] cheese - admin
[2021-03-08T17:52:04.434] [DEBUG] cheese - null
[2021-03-08T17:52:04.434] [DEBUG] cheese - null
[2021-03-08T23:00:06.142] [DEBUG] cheese - login => username:admin,password:123456
[2021-03-08T23:00:06.143] [DEBUG] cheese - admin
[2021-03-08T23:00:06.145] [DEBUG] cheese - null
[2021-03-08T23:00:06.145] [DEBUG] cheese - null
[2021-03-09T00:25:12.148] [DEBUG] cheese - null
[2021-03-09T00:29:54.681] [DEBUG] cheese - null
[2021-03-09T00:30:40.086] [DEBUG] cheese - null
[2021-03-09T00:31:37.993] [DEBUG] cheese - null
[2021-03-09T00:35:16.569] [DEBUG] cheese - null
[2021-03-09T02:37:32.196] [DEBUG] cheese - login => username:admin,password:123456v
[2021-03-09T02:37:32.196] [DEBUG] cheese - admin
[2021-03-09T02:37:32.199] [DEBUG] cheese - null
[2021-03-09T02:37:32.199] [DEBUG] cheese - null
[2021-03-09T02:37:38.439] [DEBUG] cheese - login => username:admin,password:123456
[2021-03-09T02:37:38.439] [DEBUG] cheese - admin
[2021-03-09T02:37:38.441] [DEBUG] cheese - null
[2021-03-09T02:37:38.441] [DEBUG] cheese - null
[2021-03-09T02:41:03.800] [DEBUG] cheese - login => username:admin,password:123456
[2021-03-09T02:41:03.800] [DEBUG] cheese - admin
[2021-03-09T02:41:03.802] [DEBUG] cheese - null
[2021-03-09T02:41:03.803] [DEBUG] cheese - null
[2021-03-15T01:28:23.235] [DEBUG] cheese - login => username:admin,password:123456
[2021-03-15T01:28:23.237] [DEBUG] cheese - admin
[2021-03-15T01:28:23.269] [DEBUG] cheese - null
[2021-03-15T01:28:23.270] [DEBUG] cheese - null
[2021-03-22T00:33:44.745] [DEBUG] cheese - login => username:admin,password:123456
[2021-03-22T00:33:44.746] [DEBUG] cheese - admin
[2021-03-22T00:33:44.777] [DEBUG] cheese - null
[2021-03-22T00:33:44.778] [DEBUG] cheese - null
[2021-04-01T17:33:12.084] [DEBUG] cheese - login => username:admin,password:admin
[2021-04-01T17:33:12.087] [DEBUG] cheese - admin
[2021-04-01T17:33:12.117] [DEBUG] cheese - null
[2021-04-01T17:33:12.118] [DEBUG] cheese - null
[2021-04-01T17:33:17.339] [DEBUG] cheese - login => username:admin,password:admin
[2021-04-01T17:33:17.339] [DEBUG] cheese - admin
[2021-04-01T17:33:17.344] [DEBUG] cheese - null
[2021-04-01T17:33:17.344] [DEBUG] cheese - null
[2021-04-01T17:33:24.557] [DEBUG] cheese - login => username:admin,password:123456
[2021-04-01T17:33:24.557] [DEBUG] cheese - admin
[2021-04-01T17:33:24.561] [DEBUG] cheese - null
[2021-04-01T17:33:24.562] [DEBUG] cheese - null
[2021-04-01T17:33:41.779] [DEBUG] cheese - login => username:admin,password:123456
[2021-04-01T17:33:41.779] [DEBUG] cheese - admin
[2021-04-01T17:33:41.782] [DEBUG] cheese - null
[2021-04-01T17:33:41.782] [DEBUG] cheese - null
[2021-06-06T15:27:18.883] [DEBUG] cheese - login => username:admin,password:admin
[2021-06-06T15:27:18.892] [DEBUG] cheese - admin
[2021-06-06T15:27:19.024] [DEBUG] cheese - null
[2021-06-06T15:27:19.025] [DEBUG] cheese - null
[2021-06-06T15:27:24.038] [DEBUG] cheese - login => username:admin,password:admin
[2021-06-06T15:27:24.039] [DEBUG] cheese - admin
[2021-06-06T15:27:24.047] [DEBUG] cheese - null
[2021-06-06T15:27:24.047] [DEBUG] cheese - null
[2021-06-06T15:27:35.390] [DEBUG] cheese - login => username:admin,password:123456
[2021-06-06T15:27:35.390] [DEBUG] cheese - admin
[2021-06-06T15:27:35.392] [DEBUG] cheese - null
[2021-06-06T15:27:35.393] [DEBUG] cheese - null
[2021-06-06T15:34:35.941] [DEBUG] cheese - login => username:admin,password:admin
[2021-06-06T15:34:35.941] [DEBUG] cheese - admin
[2021-06-06T15:34:35.943] [DEBUG] cheese - null
[2021-06-06T15:34:35.943] [DEBUG] cheese - null
[2021-06-06T15:34:41.868] [DEBUG] cheese - login => username:admin,password:123456
[2021-06-06T15:34:41.868] [DEBUG] cheese - admin
[2021-06-06T15:34:41.875] [DEBUG] cheese - null
[2021-06-06T15:34:41.875] [DEBUG] cheese - null
[2021-06-06T16:03:30.531] [DEBUG] cheese - login => username:admin,password:123456
[2021-06-06T16:03:30.533] [DEBUG] cheese - admin
[2021-06-06T16:03:30.545] [DEBUG] cheese - null
[2021-06-06T16:03:30.545] [DEBUG] cheese - null
[2021-06-06T16:08:18.149] [DEBUG] cheese - login => username:admin,password:admin
[2021-06-06T16:08:18.150] [DEBUG] cheese - admin
[2021-06-06T16:08:18.152] [DEBUG] cheese - null
[2021-06-06T16:08:18.152] [DEBUG] cheese - null
[2021-06-06T16:08:21.407] [DEBUG] cheese - login => username:admin,password:123456
[2021-06-06T16:08:21.407] [DEBUG] cheese - admin
[2021-06-06T16:08:21.409] [DEBUG] cheese - null
[2021-06-06T16:08:21.410] [DEBUG] cheese - null
[2021-06-06T17:08:42.725] [DEBUG] cheese - login => username:admin,password:123456
[2021-06-06T17:08:42.726] [DEBUG] cheese - admin
[2021-06-06T17:08:42.731] [DEBUG] cheese - null
[2021-06-06T17:08:42.731] [DEBUG] cheese - null
[2021-06-06T22:21:38.727] [DEBUG] cheese - login => username:admin,password:123456
[2021-06-06T22:21:38.735] [DEBUG] cheese - admin
[2021-06-06T22:21:38.748] [DEBUG] cheese - null
[2021-06-06T22:21:38.749] [DEBUG] cheese - null
